13:30:13 DEBUG : Logs will be stored at '/home/vladimir/Documentos/LADETEC/DRX/Tutorial/labs/test_zed_mem/IDE.log'.
13:30:14 INFO  : Platform repository initialization has completed.
13:30:14 INFO  : Launching XSCT server: xsct -n  -interactive /home/vladimir/Documentos/LADETEC/DRX/Tutorial/labs/test_zed_mem/temp_xsdb_launch_script.tcl
13:30:15 INFO  : Registering command handlers for Vitis TCF services
13:30:17 INFO  : XSCT server has started successfully.
13:30:17 INFO  : Successfully done setting XSCT server connection channel  
13:30:17 INFO  : plnx-install-location is set to ''
13:30:17 INFO  : Successfully done query RDI_DATADIR 
13:30:17 INFO  : Successfully done setting workspace for the tool. 
13:31:26 INFO  : Result from executing command 'getProjects': design_1_wrapper
13:31:26 INFO  : Result from executing command 'getPlatforms': 
13:31:26 WARN  : An unexpected exception occurred in the module 'platform project logging'
13:31:26 INFO  : Platform 'design_1_wrapper' is added to custom repositories.
13:31:39 INFO  : Platform 'design_1_wrapper' is added to custom repositories.
13:34:05 INFO  : Result from executing command 'getProjects': design_1_wrapper
13:34:05 INFO  : Result from executing command 'getPlatforms': design_1_wrapper|/home/vladimir/Documentos/LADETEC/DRX/Tutorial/labs/test_zed_mem/design_1_wrapper/export/design_1_wrapper/design_1_wrapper.xpfm
13:34:08 INFO  : Checking for BSP changes to sync application flags for project 'leds'...
13:34:28 INFO  : Connected to target on host '127.0.0.1' and port '3121'.
13:34:28 INFO  : Jtag cable 'Digilent Zed 210248452965' is selected.
13:34:28 INFO  : 'jtag frequency' command is executed.
13:34:28 INFO  : Context for 'APU' is selected.
13:34:28 INFO  : System reset is completed.
13:34:31 INFO  : 'after 3000' command is executed.
13:34:31 INFO  : 'targets -set -filter {jtag_cable_name =~ "Digilent Zed 210248452965" && level==0 && jtag_device_ctx=="jsn-Zed-210248452965-03727093-0"}' command is executed.
13:34:34 INFO  : Device configured successfully with "/home/vladimir/Documentos/LADETEC/DRX/Tutorial/labs/test_zed_mem/leds/_ide/bitstream/design_1_wrapper.bit"
13:34:34 INFO  : Context for 'APU' is selected.
13:34:34 INFO  : Hardware design and registers information is loaded from '/home/vladimir/Documentos/LADETEC/DRX/Tutorial/labs/test_zed_mem/design_1_wrapper/export/design_1_wrapper/hw/design_1_wrapper.xsa'.
13:34:34 INFO  : 'configparams force-mem-access 1' command is executed.
13:34:34 INFO  : Context for 'APU' is selected.
13:34:34 INFO  : Sourcing of '/home/vladimir/Documentos/LADETEC/DRX/Tutorial/labs/test_zed_mem/leds/_ide/psinit/ps7_init.tcl' is done.
13:34:35 INFO  : 'ps7_init' command is executed.
13:34:35 INFO  : 'ps7_post_config' command is executed.
13:34:35 INFO  : Context for processor 'ps7_cortexa9_0' is selected.
13:34:35 INFO  : The application '/home/vladimir/Documentos/LADETEC/DRX/Tutorial/labs/test_zed_mem/leds/Debug/leds.elf' is downloaded to processor 'ps7_cortexa9_0'.
13:34:35 INFO  : 'configparams force-mem-access 0' command is executed.
13:34:35 INFO  : ----------------XSDB Script----------------
connect -url tcp:127.0.0.1:3121
targets -set -nocase -filter {name =~"APU*"}
rst -system
after 3000
targets -set -filter {jtag_cable_name =~ "Digilent Zed 210248452965" && level==0 && jtag_device_ctx=="jsn-Zed-210248452965-03727093-0"}
fpga -file /home/vladimir/Documentos/LADETEC/DRX/Tutorial/labs/test_zed_mem/leds/_ide/bitstream/design_1_wrapper.bit
targets -set -nocase -filter {name =~"APU*"}
loadhw -hw /home/vladimir/Documentos/LADETEC/DRX/Tutorial/labs/test_zed_mem/design_1_wrapper/export/design_1_wrapper/hw/design_1_wrapper.xsa -mem-ranges [list {0x40000000 0xbfffffff}] -regs
configparams force-mem-access 1
targets -set -nocase -filter {name =~"APU*"}
source /home/vladimir/Documentos/LADETEC/DRX/Tutorial/labs/test_zed_mem/leds/_ide/psinit/ps7_init.tcl
ps7_init
ps7_post_config
targets -set -nocase -filter {name =~ "*A9*#0"}
dow /home/vladimir/Documentos/LADETEC/DRX/Tutorial/labs/test_zed_mem/leds/Debug/leds.elf
configparams force-mem-access 0
----------------End of Script----------------

13:34:35 INFO  : Context for processor 'ps7_cortexa9_0' is selected.
13:34:35 INFO  : 'con' command is executed.
13:34:35 INFO  : ----------------XSDB Script (After Launch)----------------
targets -set -nocase -filter {name =~ "*A9*#0"}
con
----------------End of Script----------------

13:34:35 INFO  : Disconnected from the channel tcfchan#2.
13:34:48 INFO  : Connected to target on host '127.0.0.1' and port '3121'.
13:34:48 INFO  : Jtag cable 'Digilent Zed 210248452965' is selected.
13:34:48 INFO  : 'jtag frequency' command is executed.
13:34:48 INFO  : Context for 'APU' is selected.
13:34:48 INFO  : System reset is completed.
13:34:51 INFO  : 'after 3000' command is executed.
13:34:51 INFO  : 'targets -set -filter {jtag_cable_name =~ "Digilent Zed 210248452965" && level==0 && jtag_device_ctx=="jsn-Zed-210248452965-03727093-0"}' command is executed.
13:34:54 INFO  : Device configured successfully with "/home/vladimir/Documentos/LADETEC/DRX/Tutorial/labs/test_zed_mem/leds/_ide/bitstream/design_1_wrapper.bit"
13:34:54 INFO  : Context for 'APU' is selected.
13:34:54 INFO  : Hardware design and registers information is loaded from '/home/vladimir/Documentos/LADETEC/DRX/Tutorial/labs/test_zed_mem/design_1_wrapper/export/design_1_wrapper/hw/design_1_wrapper.xsa'.
13:34:54 INFO  : 'configparams force-mem-access 1' command is executed.
13:34:54 INFO  : Context for 'APU' is selected.
13:34:54 INFO  : Sourcing of '/home/vladimir/Documentos/LADETEC/DRX/Tutorial/labs/test_zed_mem/leds/_ide/psinit/ps7_init.tcl' is done.
13:34:54 INFO  : 'ps7_init' command is executed.
13:34:54 INFO  : 'ps7_post_config' command is executed.
13:34:54 INFO  : Context for processor 'ps7_cortexa9_0' is selected.
13:34:54 INFO  : The application '/home/vladimir/Documentos/LADETEC/DRX/Tutorial/labs/test_zed_mem/leds/Debug/leds.elf' is downloaded to processor 'ps7_cortexa9_0'.
13:34:54 INFO  : 'configparams force-mem-access 0' command is executed.
13:34:54 INFO  : ----------------XSDB Script----------------
connect -url tcp:127.0.0.1:3121
targets -set -nocase -filter {name =~"APU*"}
rst -system
after 3000
targets -set -filter {jtag_cable_name =~ "Digilent Zed 210248452965" && level==0 && jtag_device_ctx=="jsn-Zed-210248452965-03727093-0"}
fpga -file /home/vladimir/Documentos/LADETEC/DRX/Tutorial/labs/test_zed_mem/leds/_ide/bitstream/design_1_wrapper.bit
targets -set -nocase -filter {name =~"APU*"}
loadhw -hw /home/vladimir/Documentos/LADETEC/DRX/Tutorial/labs/test_zed_mem/design_1_wrapper/export/design_1_wrapper/hw/design_1_wrapper.xsa -mem-ranges [list {0x40000000 0xbfffffff}] -regs
configparams force-mem-access 1
targets -set -nocase -filter {name =~"APU*"}
source /home/vladimir/Documentos/LADETEC/DRX/Tutorial/labs/test_zed_mem/leds/_ide/psinit/ps7_init.tcl
ps7_init
ps7_post_config
targets -set -nocase -filter {name =~ "*A9*#0"}
dow /home/vladimir/Documentos/LADETEC/DRX/Tutorial/labs/test_zed_mem/leds/Debug/leds.elf
configparams force-mem-access 0
----------------End of Script----------------

13:40:10 INFO  : Example project xgpio_example_1 has been created successfully.
13:41:00 INFO  : Result from executing command 'getProjects': design_1_wrapper
13:41:00 INFO  : Result from executing command 'getPlatforms': design_1_wrapper|/home/vladimir/Documentos/LADETEC/DRX/Tutorial/labs/test_zed_mem/design_1_wrapper/export/design_1_wrapper/design_1_wrapper.xpfm
13:41:03 INFO  : Checking for BSP changes to sync application flags for project 'xgpio_example_1'...
13:41:33 INFO  : Disconnected from the channel tcfchan#3.
13:41:34 INFO  : Connected to target on host '127.0.0.1' and port '3121'.
13:41:34 INFO  : Jtag cable 'Digilent Zed 210248452965' is selected.
13:41:34 INFO  : 'jtag frequency' command is executed.
13:41:34 INFO  : Context for 'APU' is selected.
13:41:34 INFO  : System reset is completed.
13:41:37 INFO  : 'after 3000' command is executed.
13:41:37 INFO  : 'targets -set -filter {jtag_cable_name =~ "Digilent Zed 210248452965" && level==0 && jtag_device_ctx=="jsn-Zed-210248452965-03727093-0"}' command is executed.
13:41:40 INFO  : Device configured successfully with "/home/vladimir/Documentos/LADETEC/DRX/Tutorial/labs/test_zed_mem/xgpio_example_1/_ide/bitstream/design_1_wrapper.bit"
13:41:40 INFO  : Context for 'APU' is selected.
13:41:40 INFO  : Hardware design and registers information is loaded from '/home/vladimir/Documentos/LADETEC/DRX/Tutorial/labs/test_zed_mem/design_1_wrapper/export/design_1_wrapper/hw/design_1_wrapper.xsa'.
13:41:40 INFO  : 'configparams force-mem-access 1' command is executed.
13:41:40 INFO  : Context for 'APU' is selected.
13:41:40 INFO  : Sourcing of '/home/vladimir/Documentos/LADETEC/DRX/Tutorial/labs/test_zed_mem/xgpio_example_1/_ide/psinit/ps7_init.tcl' is done.
13:41:40 INFO  : 'ps7_init' command is executed.
13:41:40 INFO  : 'ps7_post_config' command is executed.
13:41:40 INFO  : Context for processor 'ps7_cortexa9_0' is selected.
13:41:40 INFO  : The application '/home/vladimir/Documentos/LADETEC/DRX/Tutorial/labs/test_zed_mem/xgpio_example_1/Debug/xgpio_example_1.elf' is downloaded to processor 'ps7_cortexa9_0'.
13:41:40 INFO  : 'configparams force-mem-access 0' command is executed.
13:41:40 INFO  : ----------------XSDB Script----------------
connect -url tcp:127.0.0.1:3121
targets -set -nocase -filter {name =~"APU*"}
rst -system
after 3000
targets -set -filter {jtag_cable_name =~ "Digilent Zed 210248452965" && level==0 && jtag_device_ctx=="jsn-Zed-210248452965-03727093-0"}
fpga -file /home/vladimir/Documentos/LADETEC/DRX/Tutorial/labs/test_zed_mem/xgpio_example_1/_ide/bitstream/design_1_wrapper.bit
targets -set -nocase -filter {name =~"APU*"}
loadhw -hw /home/vladimir/Documentos/LADETEC/DRX/Tutorial/labs/test_zed_mem/design_1_wrapper/export/design_1_wrapper/hw/design_1_wrapper.xsa -mem-ranges [list {0x40000000 0xbfffffff}] -regs
configparams force-mem-access 1
targets -set -nocase -filter {name =~"APU*"}
source /home/vladimir/Documentos/LADETEC/DRX/Tutorial/labs/test_zed_mem/xgpio_example_1/_ide/psinit/ps7_init.tcl
ps7_init
ps7_post_config
targets -set -nocase -filter {name =~ "*A9*#0"}
dow /home/vladimir/Documentos/LADETEC/DRX/Tutorial/labs/test_zed_mem/xgpio_example_1/Debug/xgpio_example_1.elf
configparams force-mem-access 0
----------------End of Script----------------

13:41:41 INFO  : Context for processor 'ps7_cortexa9_0' is selected.
13:41:41 INFO  : 'con' command is executed.
13:41:41 INFO  : ----------------XSDB Script (After Launch)----------------
targets -set -nocase -filter {name =~ "*A9*#0"}
con
----------------End of Script----------------

13:41:41 INFO  : Disconnected from the channel tcfchan#5.
13:53:12 INFO  : Checking for BSP changes to sync application flags for project 'xgpio_example_1'...
13:53:36 INFO  : Connected to target on host '127.0.0.1' and port '3121'.
13:53:36 INFO  : Jtag cable 'Digilent Zed 210248452965' is selected.
13:53:36 INFO  : 'jtag frequency' command is executed.
13:53:36 INFO  : Context for 'APU' is selected.
13:53:36 INFO  : System reset is completed.
13:53:39 INFO  : 'after 3000' command is executed.
13:53:39 INFO  : 'targets -set -filter {jtag_cable_name =~ "Digilent Zed 210248452965" && level==0 && jtag_device_ctx=="jsn-Zed-210248452965-03727093-0"}' command is executed.
13:53:41 INFO  : Device configured successfully with "/home/vladimir/Documentos/LADETEC/DRX/Tutorial/labs/test_zed_mem/xgpio_example_1/_ide/bitstream/design_1_wrapper.bit"
13:53:41 INFO  : Context for 'APU' is selected.
13:53:41 INFO  : Hardware design and registers information is loaded from '/home/vladimir/Documentos/LADETEC/DRX/Tutorial/labs/test_zed_mem/design_1_wrapper/export/design_1_wrapper/hw/design_1_wrapper.xsa'.
13:53:41 INFO  : 'configparams force-mem-access 1' command is executed.
13:53:41 INFO  : Context for 'APU' is selected.
13:53:41 INFO  : Sourcing of '/home/vladimir/Documentos/LADETEC/DRX/Tutorial/labs/test_zed_mem/xgpio_example_1/_ide/psinit/ps7_init.tcl' is done.
13:53:42 INFO  : 'ps7_init' command is executed.
13:53:42 INFO  : 'ps7_post_config' command is executed.
13:53:42 INFO  : Context for processor 'ps7_cortexa9_0' is selected.
13:53:42 INFO  : The application '/home/vladimir/Documentos/LADETEC/DRX/Tutorial/labs/test_zed_mem/xgpio_example_1/Debug/xgpio_example_1.elf' is downloaded to processor 'ps7_cortexa9_0'.
13:53:42 INFO  : 'configparams force-mem-access 0' command is executed.
13:53:42 INFO  : ----------------XSDB Script----------------
connect -url tcp:127.0.0.1:3121
targets -set -nocase -filter {name =~"APU*"}
rst -system
after 3000
targets -set -filter {jtag_cable_name =~ "Digilent Zed 210248452965" && level==0 && jtag_device_ctx=="jsn-Zed-210248452965-03727093-0"}
fpga -file /home/vladimir/Documentos/LADETEC/DRX/Tutorial/labs/test_zed_mem/xgpio_example_1/_ide/bitstream/design_1_wrapper.bit
targets -set -nocase -filter {name =~"APU*"}
loadhw -hw /home/vladimir/Documentos/LADETEC/DRX/Tutorial/labs/test_zed_mem/design_1_wrapper/export/design_1_wrapper/hw/design_1_wrapper.xsa -mem-ranges [list {0x40000000 0xbfffffff}] -regs
configparams force-mem-access 1
targets -set -nocase -filter {name =~"APU*"}
source /home/vladimir/Documentos/LADETEC/DRX/Tutorial/labs/test_zed_mem/xgpio_example_1/_ide/psinit/ps7_init.tcl
ps7_init
ps7_post_config
targets -set -nocase -filter {name =~ "*A9*#0"}
dow /home/vladimir/Documentos/LADETEC/DRX/Tutorial/labs/test_zed_mem/xgpio_example_1/Debug/xgpio_example_1.elf
configparams force-mem-access 0
----------------End of Script----------------

13:53:42 INFO  : Context for processor 'ps7_cortexa9_0' is selected.
13:53:42 INFO  : 'con' command is executed.
13:53:42 INFO  : ----------------XSDB Script (After Launch)----------------
targets -set -nocase -filter {name =~ "*A9*#0"}
con
----------------End of Script----------------

13:53:42 INFO  : Disconnected from the channel tcfchan#6.
13:55:09 INFO  : Connected to target on host '127.0.0.1' and port '3121'.
13:55:09 INFO  : Jtag cable 'Digilent Zed 210248452965' is selected.
13:55:09 INFO  : 'jtag frequency' command is executed.
13:55:09 INFO  : Context for 'APU' is selected.
13:55:09 INFO  : System reset is completed.
13:55:12 INFO  : 'after 3000' command is executed.
13:55:12 INFO  : 'targets -set -filter {jtag_cable_name =~ "Digilent Zed 210248452965" && level==0 && jtag_device_ctx=="jsn-Zed-210248452965-03727093-0"}' command is executed.
13:55:14 INFO  : Device configured successfully with "/home/vladimir/Documentos/LADETEC/DRX/Tutorial/labs/test_zed_mem/leds/_ide/bitstream/design_1_wrapper.bit"
13:55:14 INFO  : Context for 'APU' is selected.
13:55:14 INFO  : Hardware design and registers information is loaded from '/home/vladimir/Documentos/LADETEC/DRX/Tutorial/labs/test_zed_mem/design_1_wrapper/export/design_1_wrapper/hw/design_1_wrapper.xsa'.
13:55:14 INFO  : 'configparams force-mem-access 1' command is executed.
13:55:14 INFO  : Context for 'APU' is selected.
13:55:14 INFO  : Sourcing of '/home/vladimir/Documentos/LADETEC/DRX/Tutorial/labs/test_zed_mem/leds/_ide/psinit/ps7_init.tcl' is done.
13:55:15 INFO  : 'ps7_init' command is executed.
13:55:15 INFO  : 'ps7_post_config' command is executed.
13:55:15 INFO  : Context for processor 'ps7_cortexa9_0' is selected.
13:55:15 INFO  : The application '/home/vladimir/Documentos/LADETEC/DRX/Tutorial/labs/test_zed_mem/leds/Debug/leds.elf' is downloaded to processor 'ps7_cortexa9_0'.
13:55:15 INFO  : 'configparams force-mem-access 0' command is executed.
13:55:15 INFO  : ----------------XSDB Script----------------
connect -url tcp:127.0.0.1:3121
targets -set -nocase -filter {name =~"APU*"}
rst -system
after 3000
targets -set -filter {jtag_cable_name =~ "Digilent Zed 210248452965" && level==0 && jtag_device_ctx=="jsn-Zed-210248452965-03727093-0"}
fpga -file /home/vladimir/Documentos/LADETEC/DRX/Tutorial/labs/test_zed_mem/leds/_ide/bitstream/design_1_wrapper.bit
targets -set -nocase -filter {name =~"APU*"}
loadhw -hw /home/vladimir/Documentos/LADETEC/DRX/Tutorial/labs/test_zed_mem/design_1_wrapper/export/design_1_wrapper/hw/design_1_wrapper.xsa -mem-ranges [list {0x40000000 0xbfffffff}] -regs
configparams force-mem-access 1
targets -set -nocase -filter {name =~"APU*"}
source /home/vladimir/Documentos/LADETEC/DRX/Tutorial/labs/test_zed_mem/leds/_ide/psinit/ps7_init.tcl
ps7_init
ps7_post_config
targets -set -nocase -filter {name =~ "*A9*#0"}
dow /home/vladimir/Documentos/LADETEC/DRX/Tutorial/labs/test_zed_mem/leds/Debug/leds.elf
configparams force-mem-access 0
----------------End of Script----------------

13:55:15 INFO  : Context for processor 'ps7_cortexa9_0' is selected.
13:55:15 INFO  : 'con' command is executed.
13:55:15 INFO  : ----------------XSDB Script (After Launch)----------------
targets -set -nocase -filter {name =~ "*A9*#0"}
con
----------------End of Script----------------

13:55:15 INFO  : Disconnected from the channel tcfchan#7.
13:55:45 INFO  : Connected to target on host '127.0.0.1' and port '3121'.
13:55:45 INFO  : Jtag cable 'Digilent Zed 210248452965' is selected.
13:55:45 INFO  : 'jtag frequency' command is executed.
13:55:45 INFO  : Context for 'APU' is selected.
13:55:45 INFO  : System reset is completed.
13:55:48 INFO  : 'after 3000' command is executed.
13:55:48 INFO  : 'targets -set -filter {jtag_cable_name =~ "Digilent Zed 210248452965" && level==0 && jtag_device_ctx=="jsn-Zed-210248452965-03727093-0"}' command is executed.
13:55:50 INFO  : Device configured successfully with "/home/vladimir/Documentos/LADETEC/DRX/Tutorial/labs/test_zed_mem/xgpio_example_1/_ide/bitstream/design_1_wrapper.bit"
13:55:51 INFO  : Context for 'APU' is selected.
13:55:51 INFO  : Hardware design and registers information is loaded from '/home/vladimir/Documentos/LADETEC/DRX/Tutorial/labs/test_zed_mem/design_1_wrapper/export/design_1_wrapper/hw/design_1_wrapper.xsa'.
13:55:51 INFO  : 'configparams force-mem-access 1' command is executed.
13:55:51 INFO  : Context for 'APU' is selected.
13:55:51 INFO  : Sourcing of '/home/vladimir/Documentos/LADETEC/DRX/Tutorial/labs/test_zed_mem/xgpio_example_1/_ide/psinit/ps7_init.tcl' is done.
13:55:51 INFO  : 'ps7_init' command is executed.
13:55:51 INFO  : 'ps7_post_config' command is executed.
13:55:51 INFO  : Context for processor 'ps7_cortexa9_0' is selected.
13:55:51 INFO  : The application '/home/vladimir/Documentos/LADETEC/DRX/Tutorial/labs/test_zed_mem/xgpio_example_1/Debug/xgpio_example_1.elf' is downloaded to processor 'ps7_cortexa9_0'.
13:55:51 INFO  : 'configparams force-mem-access 0' command is executed.
13:55:51 INFO  : ----------------XSDB Script----------------
connect -url tcp:127.0.0.1:3121
targets -set -nocase -filter {name =~"APU*"}
rst -system
after 3000
targets -set -filter {jtag_cable_name =~ "Digilent Zed 210248452965" && level==0 && jtag_device_ctx=="jsn-Zed-210248452965-03727093-0"}
fpga -file /home/vladimir/Documentos/LADETEC/DRX/Tutorial/labs/test_zed_mem/xgpio_example_1/_ide/bitstream/design_1_wrapper.bit
targets -set -nocase -filter {name =~"APU*"}
loadhw -hw /home/vladimir/Documentos/LADETEC/DRX/Tutorial/labs/test_zed_mem/design_1_wrapper/export/design_1_wrapper/hw/design_1_wrapper.xsa -mem-ranges [list {0x40000000 0xbfffffff}] -regs
configparams force-mem-access 1
targets -set -nocase -filter {name =~"APU*"}
source /home/vladimir/Documentos/LADETEC/DRX/Tutorial/labs/test_zed_mem/xgpio_example_1/_ide/psinit/ps7_init.tcl
ps7_init
ps7_post_config
targets -set -nocase -filter {name =~ "*A9*#0"}
dow /home/vladimir/Documentos/LADETEC/DRX/Tutorial/labs/test_zed_mem/xgpio_example_1/Debug/xgpio_example_1.elf
configparams force-mem-access 0
----------------End of Script----------------

13:55:51 INFO  : Context for processor 'ps7_cortexa9_0' is selected.
13:55:51 INFO  : 'con' command is executed.
13:55:51 INFO  : ----------------XSDB Script (After Launch)----------------
targets -set -nocase -filter {name =~ "*A9*#0"}
con
----------------End of Script----------------

13:55:51 INFO  : Disconnected from the channel tcfchan#8.
13:56:54 INFO  : Checking for BSP changes to sync application flags for project 'xgpio_example_1'...
13:56:59 INFO  : Connected to target on host '127.0.0.1' and port '3121'.
13:56:59 INFO  : Jtag cable 'Digilent Zed 210248452965' is selected.
13:56:59 INFO  : 'jtag frequency' command is executed.
13:56:59 INFO  : Context for 'APU' is selected.
13:56:59 INFO  : System reset is completed.
13:57:02 INFO  : 'after 3000' command is executed.
13:57:02 INFO  : 'targets -set -filter {jtag_cable_name =~ "Digilent Zed 210248452965" && level==0 && jtag_device_ctx=="jsn-Zed-210248452965-03727093-0"}' command is executed.
13:57:04 INFO  : Device configured successfully with "/home/vladimir/Documentos/LADETEC/DRX/Tutorial/labs/test_zed_mem/xgpio_example_1/_ide/bitstream/design_1_wrapper.bit"
13:57:04 INFO  : Context for 'APU' is selected.
13:57:04 INFO  : Hardware design and registers information is loaded from '/home/vladimir/Documentos/LADETEC/DRX/Tutorial/labs/test_zed_mem/design_1_wrapper/export/design_1_wrapper/hw/design_1_wrapper.xsa'.
13:57:04 INFO  : 'configparams force-mem-access 1' command is executed.
13:57:04 INFO  : Context for 'APU' is selected.
13:57:04 INFO  : Sourcing of '/home/vladimir/Documentos/LADETEC/DRX/Tutorial/labs/test_zed_mem/xgpio_example_1/_ide/psinit/ps7_init.tcl' is done.
13:57:05 INFO  : 'ps7_init' command is executed.
13:57:05 INFO  : 'ps7_post_config' command is executed.
13:57:05 INFO  : Context for processor 'ps7_cortexa9_0' is selected.
13:57:05 INFO  : The application '/home/vladimir/Documentos/LADETEC/DRX/Tutorial/labs/test_zed_mem/xgpio_example_1/Debug/xgpio_example_1.elf' is downloaded to processor 'ps7_cortexa9_0'.
13:57:05 INFO  : 'configparams force-mem-access 0' command is executed.
13:57:05 INFO  : ----------------XSDB Script----------------
connect -url tcp:127.0.0.1:3121
targets -set -nocase -filter {name =~"APU*"}
rst -system
after 3000
targets -set -filter {jtag_cable_name =~ "Digilent Zed 210248452965" && level==0 && jtag_device_ctx=="jsn-Zed-210248452965-03727093-0"}
fpga -file /home/vladimir/Documentos/LADETEC/DRX/Tutorial/labs/test_zed_mem/xgpio_example_1/_ide/bitstream/design_1_wrapper.bit
targets -set -nocase -filter {name =~"APU*"}
loadhw -hw /home/vladimir/Documentos/LADETEC/DRX/Tutorial/labs/test_zed_mem/design_1_wrapper/export/design_1_wrapper/hw/design_1_wrapper.xsa -mem-ranges [list {0x40000000 0xbfffffff}] -regs
configparams force-mem-access 1
targets -set -nocase -filter {name =~"APU*"}
source /home/vladimir/Documentos/LADETEC/DRX/Tutorial/labs/test_zed_mem/xgpio_example_1/_ide/psinit/ps7_init.tcl
ps7_init
ps7_post_config
targets -set -nocase -filter {name =~ "*A9*#0"}
dow /home/vladimir/Documentos/LADETEC/DRX/Tutorial/labs/test_zed_mem/xgpio_example_1/Debug/xgpio_example_1.elf
configparams force-mem-access 0
----------------End of Script----------------

13:57:05 INFO  : Context for processor 'ps7_cortexa9_0' is selected.
13:57:05 INFO  : 'con' command is executed.
13:57:05 INFO  : ----------------XSDB Script (After Launch)----------------
targets -set -nocase -filter {name =~ "*A9*#0"}
con
----------------End of Script----------------

13:57:05 INFO  : Disconnected from the channel tcfchan#9.
14:08:43 WARN  : Failed to update project references for project leds
14:08:43 WARN  : Failed to update project references for project leds_system
14:08:43 WARN  : Failed to update project references for project xgpio_example_1
14:08:43 WARN  : Failed to update project references for project xgpio_example_1_system
14:58:23 DEBUG : Logs will be stored at '/home/vladimir/Documentos/LADETEC/DRX/Tutorial/labs/test_zed_mem/IDE.log'.
14:58:24 INFO  : Launching XSCT server: xsct -n  -interactive /home/vladimir/Documentos/LADETEC/DRX/Tutorial/labs/test_zed_mem/temp_xsdb_launch_script.tcl
14:58:29 INFO  : Platform repository initialization has completed.
14:58:31 INFO  : Registering command handlers for Vitis TCF services
14:58:34 INFO  : XSCT server has started successfully.
14:58:40 INFO  : plnx-install-location is set to ''
14:58:40 INFO  : Successfully done setting XSCT server connection channel  
14:58:40 INFO  : Successfully done query RDI_DATADIR 
14:58:40 INFO  : Successfully done setting workspace for the tool. 
21:44:55 DEBUG : Logs will be stored at '/home/vladimir/Documentos/LADETEC/DRX/Tutorial/labs/test_zed_mem/IDE.log'.
21:44:56 INFO  : Launching XSCT server: xsct -n  -interactive /home/vladimir/Documentos/LADETEC/DRX/Tutorial/labs/test_zed_mem/temp_xsdb_launch_script.tcl
21:45:02 INFO  : Platform repository initialization has completed.
21:45:04 INFO  : Registering command handlers for Vitis TCF services
21:45:05 INFO  : XSCT server has started successfully.
21:45:05 INFO  : Successfully done setting XSCT server connection channel  
21:45:20 INFO  : plnx-install-location is set to ''
21:45:20 INFO  : Successfully done setting workspace for the tool. 
21:45:20 INFO  : Successfully done query RDI_DATADIR 
21:51:00 INFO  : Result from executing command 'getProjects': design_1_wrapper;led_linux
21:51:00 INFO  : Result from executing command 'getPlatforms': design_1_wrapper|/home/vladimir/Documentos/LADETEC/DRX/Tutorial/labs/test_zed_mem/design_1_wrapper/export/design_1_wrapper/design_1_wrapper.xpfm
23:41:16 DEBUG : Logs will be stored at '/home/vladimir/Documentos/LADETEC/DRX/Work/DRX/Vitis/blink/IDE.log'.
23:41:17 INFO  : Launching XSCT server: xsct -n  -interactive /home/vladimir/Documentos/LADETEC/DRX/Work/DRX/Vitis/blink/temp_xsdb_launch_script.tcl
23:41:21 INFO  : Platform repository initialization has completed.
23:41:21 INFO  : XSCT server has started successfully.
23:41:21 INFO  : plnx-install-location is set to ''
23:41:21 INFO  : Successfully done setting XSCT server connection channel  
23:41:21 INFO  : Successfully done query RDI_DATADIR 
23:41:21 INFO  : Successfully done setting workspace for the tool. 
23:41:22 INFO  : Registering command handlers for Vitis TCF services
23:41:54 INFO  : Result from executing command 'removePlatformRepo': 
23:42:02 INFO  : Result from executing command 'removePlatformRepo': 
23:42:22 INFO  : Result from executing command 'getProjects': design_1_wrapper;led_linux
23:42:22 INFO  : Result from executing command 'getPlatforms': design_1_wrapper|/home/vladimir/Documentos/LADETEC/DRX/Tutorial/labs/test_zed_mem/design_1_wrapper/export/design_1_wrapper/design_1_wrapper.xpfm;led_linux|/home/vladimir/Documentos/LADETEC/DRX/Tutorial/labs/test_zed_mem/led_linux/export/led_linux/led_linux.xpfm
23:44:08 ERROR : Error from executing command 'removePlatformRepo': ERROR: No valid directory exists at given path.
23:44:14 INFO  : Result from executing command 'removePlatformRepo': 
